<?xml version="1.0" encoding="UTF-8" ?>
<testsuites errors="5"
            failures="3"
            tests="1">

  <testsuite name="test"
    errors="5" failures="3" hostname="" id="" package="test" skipped="0"
    tests="1" time="62.02" timestamp="">
  
    <testcase name="Launch Browser" classname="test" time="62.02" assertions="3">  <failure message="Testing if element &lt;#username&gt; is visible in 5000ms - expected &#34;is visible&#34; but got: &#34;element could not be located&#34; (5403ms)">    at Object.Launch Browser (C:\Users\Ivaankarthik\Documents\LeafTaps\test\test.js:9:21)
    at processTicksAndRejections (internal/process/task_queues.js:95:5)</failure>

      <failure message="Testing if element &lt;#password&gt; is visible in 5000ms - expected &#34;is visible&#34; but got: &#34;element could not be located&#34; (12229ms)">    at Object.Launch Browser (C:\Users\Ivaankarthik\Documents\LeafTaps\test\test.js:15:21)
    at processTicksAndRejections (internal/process/task_queues.js:95:5)</failure>

      <failure message="Testing if the URL contains &#39;http://leaftaps.com/opentaps/control/login&#39; in 5000ms - expected &#34;contains &#39;http://leaftaps.com/opentaps/control/login&#39;&#34; but got: &#34;Server Error: An unknown server-side error occurred while processing the command. – chrome not reachable&#34; (12196ms)">    at Object.Launch Browser (C:\Users\Ivaankarthik\Documents\LeafTaps\test\test.js:24:21)
    at processTicksAndRejections (internal/process/task_queues.js:95:5)</failure>

    
    <error message="Error while running &#34;urlContains&#34; command: Testing if the URL contains [0;33m&#39;http://leaftaps.com/opentaps/control/login&#39;[0m in 5000ms - expected [0;32m&#34;contains &#39;http://leaftaps.com/opentaps/control/login&#39;&#34;[0m but got: [0;31m&#34;Server Error: An unknown server-side error occurred while processing the command. – chrome not reachable&#34;[0m [0;90m(12196ms)[0m" type="error"><![CDATA[
        at Object.Launch Browser (C:\Users\Ivaankarthik\Documents\LeafTaps\test\test.js:24:21)
    at processTicksAndRejections (internal/process/task_queues.js:95:5)
    ]]></error>
    
    </testcase>
  

  
    <system-err>
        NoSuchElementError: An error occurred while running .isVisible() command on &lt;#username&gt;: 
   {&#34;state&#34;:&#34;success&#34;,&#34;sessionId&#34;:null,&#34;value&#34;:[],&#34;status&#34;:0}
       at processTicksAndRejections (internal/process/task_queues.js:95:5)
  NoSuchElementError: An error occurred while running .setValue() command on &lt;#username&gt;:   (Session info: chrome=91.0.4472.101),Build info: version: &#39;3.141.59&#39;, revision: &#39;e82be7d358&#39;, time: &#39;2018-11-14T08:25:53&#39;,System info: host: &#39;IVAAN&#39;, ip: &#39;127.0.0.1&#39;, os.name: &#39;Windows 10&#39;, os.arch: &#39;amd64&#39;, os.version: &#39;10.0&#39;, java.version: &#39;1.8.0_281&#39;,Driver info: driver.version: unknown; chrome not reachable
   {&#34;status&#34;:-1,&#34;state&#34;:&#34;chrome not reachable&#34;,&#34;code&#34;:&#34;&#34;,&#34;value&#34;:{&#34;systemInformation&#34;:&#34;System info: host: &#39;IVAAN&#39;, ip: &#39;127.0.0.1&#39;, os.name: &#39;Windows 10&#39;, os.arch: &#39;amd64&#39;, os.version: &#39;10.0&#39;, java.version: &#39;1.8.0_281&#39;&#34;,&#34;message&#34;:&#34;chrome not reachable&#34;,&#34;error&#34;:[&#34;  (Session info: chrome=91.0.4472.101)&#34;,&#34;Build info: version: &#39;3.141.59&#39;, revision: &#39;e82be7d358&#39;, time: &#39;2018-11-14T08:25:53&#39;&#34;,&#34;System info: host: &#39;IVAAN&#39;, ip: &#39;127.0.0.1&#39;, os.name: &#39;Windows 10&#39;, os.arch: &#39;amd64&#39;, os.version: &#39;10.0&#39;, java.version: &#39;1.8.0_281&#39;&#34;,&#34;Driver info: driver.version: unknown&#34;]},&#34;errorStatus&#34;:13,&#34;error&#34;:&#34;An unknown server-side error occurred while processing the command. – chrome not reachable&#34;,&#34;httpStatusCode&#34;:500}
       at Object.Launch Browser (C:\Users\Ivaankarthik\Documents\LeafTaps\test\test.js:12:14)
       at processTicksAndRejections (internal/process/task_queues.js:95:5)
  NoSuchElementError: An error occurred while running .isVisible() command on &lt;#password&gt;:   (Session info: chrome=91.0.4472.101),Build info: version: &#39;3.141.59&#39;, revision: &#39;e82be7d358&#39;, time: &#39;2018-11-14T08:25:53&#39;,System info: host: &#39;IVAAN&#39;, ip: &#39;127.0.0.1&#39;, os.name: &#39;Windows 10&#39;, os.arch: &#39;amd64&#39;, os.version: &#39;10.0&#39;, java.version: &#39;1.8.0_281&#39;,Driver info: driver.version: unknown; chrome not reachable
   {&#34;status&#34;:-1,&#34;state&#34;:&#34;chrome not reachable&#34;,&#34;code&#34;:&#34;&#34;,&#34;value&#34;:{&#34;systemInformation&#34;:&#34;System info: host: &#39;IVAAN&#39;, ip: &#39;127.0.0.1&#39;, os.name: &#39;Windows 10&#39;, os.arch: &#39;amd64&#39;, os.version: &#39;10.0&#39;, java.version: &#39;1.8.0_281&#39;&#34;,&#34;message&#34;:&#34;chrome not reachable&#34;,&#34;error&#34;:[&#34;  (Session info: chrome=91.0.4472.101)&#34;,&#34;Build info: version: &#39;3.141.59&#39;, revision: &#39;e82be7d358&#39;, time: &#39;2018-11-14T08:25:53&#39;&#34;,&#34;System info: host: &#39;IVAAN&#39;, ip: &#39;127.0.0.1&#39;, os.name: &#39;Windows 10&#39;, os.arch: &#39;amd64&#39;, os.version: &#39;10.0&#39;, java.version: &#39;1.8.0_281&#39;&#34;,&#34;Driver info: driver.version: unknown&#34;]},&#34;errorStatus&#34;:13,&#34;error&#34;:&#34;An unknown server-side error occurred while processing the command. – chrome not reachable&#34;,&#34;httpStatusCode&#34;:500}
       at processTicksAndRejections (internal/process/task_queues.js:95:5)
  NoSuchElementError: An error occurred while running .setValue() command on &lt;#password&gt;:   (Session info: chrome=91.0.4472.101),Build info: version: &#39;3.141.59&#39;, revision: &#39;e82be7d358&#39;, time: &#39;2018-11-14T08:25:53&#39;,System info: host: &#39;IVAAN&#39;, ip: &#39;127.0.0.1&#39;, os.name: &#39;Windows 10&#39;, os.arch: &#39;amd64&#39;, os.version: &#39;10.0&#39;, java.version: &#39;1.8.0_281&#39;,Driver info: driver.version: unknown; chrome not reachable
   {&#34;status&#34;:-1,&#34;state&#34;:&#34;chrome not reachable&#34;,&#34;code&#34;:&#34;&#34;,&#34;value&#34;:{&#34;systemInformation&#34;:&#34;System info: host: &#39;IVAAN&#39;, ip: &#39;127.0.0.1&#39;, os.name: &#39;Windows 10&#39;, os.arch: &#39;amd64&#39;, os.version: &#39;10.0&#39;, java.version: &#39;1.8.0_281&#39;&#34;,&#34;message&#34;:&#34;chrome not reachable&#34;,&#34;error&#34;:[&#34;  (Session info: chrome=91.0.4472.101)&#34;,&#34;Build info: version: &#39;3.141.59&#39;, revision: &#39;e82be7d358&#39;, time: &#39;2018-11-14T08:25:53&#39;&#34;,&#34;System info: host: &#39;IVAAN&#39;, ip: &#39;127.0.0.1&#39;, os.name: &#39;Windows 10&#39;, os.arch: &#39;amd64&#39;, os.version: &#39;10.0&#39;, java.version: &#39;1.8.0_281&#39;&#34;,&#34;Driver info: driver.version: unknown&#34;]},&#34;errorStatus&#34;:13,&#34;error&#34;:&#34;An unknown server-side error occurred while processing the command. – chrome not reachable&#34;,&#34;httpStatusCode&#34;:500}
       at Object.Launch Browser (C:\Users\Ivaankarthik\Documents\LeafTaps\test\test.js:18:14)
       at processTicksAndRejections (internal/process/task_queues.js:95:5)
  NoSuchElementError: An error occurred while running .click() command on &lt;//*[@type=&#34;submit&#34;]&gt;:   (Session info: chrome=91.0.4472.101),Build info: version: &#39;3.141.59&#39;, revision: &#39;e82be7d358&#39;, time: &#39;2018-11-14T08:25:53&#39;,System info: host: &#39;IVAAN&#39;, ip: &#39;127.0.0.1&#39;, os.name: &#39;Windows 10&#39;, os.arch: &#39;amd64&#39;, os.version: &#39;10.0&#39;, java.version: &#39;1.8.0_281&#39;,Driver info: driver.version: unknown; chrome not reachable
   {&#34;status&#34;:-1,&#34;state&#34;:&#34;chrome not reachable&#34;,&#34;code&#34;:&#34;&#34;,&#34;value&#34;:{&#34;systemInformation&#34;:&#34;System info: host: &#39;IVAAN&#39;, ip: &#39;127.0.0.1&#39;, os.name: &#39;Windows 10&#39;, os.arch: &#39;amd64&#39;, os.version: &#39;10.0&#39;, java.version: &#39;1.8.0_281&#39;&#34;,&#34;message&#34;:&#34;chrome not reachable&#34;,&#34;error&#34;:[&#34;  (Session info: chrome=91.0.4472.101)&#34;,&#34;Build info: version: &#39;3.141.59&#39;, revision: &#39;e82be7d358&#39;, time: &#39;2018-11-14T08:25:53&#39;&#34;,&#34;System info: host: &#39;IVAAN&#39;, ip: &#39;127.0.0.1&#39;, os.name: &#39;Windows 10&#39;, os.arch: &#39;amd64&#39;, os.version: &#39;10.0&#39;, java.version: &#39;1.8.0_281&#39;&#34;,&#34;Driver info: driver.version: unknown&#34;]},&#34;errorStatus&#34;:13,&#34;error&#34;:&#34;An unknown server-side error occurred while processing the command. – chrome not reachable&#34;,&#34;httpStatusCode&#34;:500}
       at Object.Launch Browser (C:\Users\Ivaankarthik\Documents\LeafTaps\test\test.js:21:14)
       at processTicksAndRejections (internal/process/task_queues.js:95:5)
    </system-err>
  

    

  
  </testsuite>
</testsuites>
